This is pdfTeX, Version 3.14159265-2.6-1.40.16 (MiKTeX 2.9) (preloaded format=pdflatex 2016.1.31)  26 FEB 2016 17:04
entering extended mode
**./main.tex
(main.tex
LaTeX2e <2015/10/01> patch level 2
Babel <3.9n> and hyphenation patterns for 69 languages loaded.
("C:\Users\Admin\AppData\Local\Programs\MiKTeX 2.9\tex\latex\base\report.cls"
Document Class: report 2014/09/29 v1.4h Standard LaTeX document class
("C:\Users\Admin\AppData\Local\Programs\MiKTeX 2.9\tex\latex\base\size12.clo"
File: size12.clo 2014/09/29 v1.4h Standard LaTeX file (size option)
)
\c@part=\count79
\c@chapter=\count80
\c@section=\count81
\c@subsection=\count82
\c@subsubsection=\count83
\c@paragraph=\count84
\c@subparagraph=\count85
\c@figure=\count86
\c@table=\count87
\abovecaptionskip=\skip41
\belowcaptionskip=\skip42
\bibindent=\dimen102
)
("C:\Users\Admin\AppData\Local\Programs\MiKTeX 2.9\tex\latex\graphics\epsfig.st
y"
Package: epsfig 1999/02/16 v1.7a (e)psfig emulation (SPQR)

("C:\Users\Admin\AppData\Local\Programs\MiKTeX 2.9\tex\latex\graphics\graphicx.
sty"
Package: graphicx 2014/10/28 v1.0g Enhanced LaTeX Graphics (DPC,SPQR)

("C:\Users\Admin\AppData\Local\Programs\MiKTeX 2.9\tex\latex\graphics\keyval.st
y"
Package: keyval 2014/10/28 v1.15 key=value parser (DPC)
\KV@toks@=\toks14
)
("C:\Users\Admin\AppData\Local\Programs\MiKTeX 2.9\tex\latex\graphics\graphics.
sty"
Package: graphics 2014/10/28 v1.0p Standard LaTeX Graphics (DPC,SPQR)

("C:\Users\Admin\AppData\Local\Programs\MiKTeX 2.9\tex\latex\graphics\trig.sty"
Package: trig 1999/03/16 v1.09 sin cos tan (DPC)
)
("C:\Users\Admin\AppData\Local\Programs\MiKTeX 2.9\tex\latex\00miktex\graphics.
cfg"
File: graphics.cfg 2007/01/18 v1.5 graphics configuration of teTeX/TeXLive
)
Package graphics Info: Driver file: pdftex.def on input line 94.

("C:\Users\Admin\AppData\Local\Programs\MiKTeX 2.9\tex\latex\pdftex-def\pdftex.
def"
File: pdftex.def 2011/05/27 v0.06d Graphics/color for pdfTeX

("C:\Users\Admin\AppData\Local\Programs\MiKTeX 2.9\tex\generic\oberdiek\infware
rr.sty"
Package: infwarerr 2010/04/08 v1.3 Providing info/warning/error messages (HO)
)
("C:\Users\Admin\AppData\Local\Programs\MiKTeX 2.9\tex\generic\oberdiek\ltxcmds
.sty"
Package: ltxcmds 2011/11/09 v1.22 LaTeX kernel commands for general use (HO)
)
\Gread@gobject=\count88
))
\Gin@req@height=\dimen103
\Gin@req@width=\dimen104
)
\epsfxsize=\dimen105
\epsfysize=\dimen106
)
("C:\Users\Admin\AppData\Local\Programs\MiKTeX 2.9\tex\latex\amsfonts\amssymb.s
ty"
Package: amssymb 2013/01/14 v3.01 AMS font symbols

("C:\Users\Admin\AppData\Local\Programs\MiKTeX 2.9\tex\latex\amsfonts\amsfonts.
sty"
Package: amsfonts 2013/01/14 v3.01 Basic AMSFonts support
\@emptytoks=\toks15
\symAMSa=\mathgroup4
\symAMSb=\mathgroup5
LaTeX Font Info:    Overwriting math alphabet `\mathfrak' in version `bold'
(Font)                  U/euf/m/n --> U/euf/b/n on input line 106.
))
("C:\Users\Admin\AppData\Local\Programs\MiKTeX 2.9\tex\latex\amsmath\amsmath.st
y"
Package: amsmath 2013/01/14 v2.14 AMS math features
\@mathmargin=\skip43

For additional information on amsmath, use the `?' option.

("C:\Users\Admin\AppData\Local\Programs\MiKTeX 2.9\tex\latex\amsmath\amstext.st
y"
Package: amstext 2000/06/29 v2.01

("C:\Users\Admin\AppData\Local\Programs\MiKTeX 2.9\tex\latex\amsmath\amsgen.sty
"
File: amsgen.sty 1999/11/30 v2.0
\@emptytoks=\toks16
\ex@=\dimen107
))
("C:\Users\Admin\AppData\Local\Programs\MiKTeX 2.9\tex\latex\amsmath\amsbsy.sty
"
Package: amsbsy 1999/11/29 v1.2d
\pmbraise@=\dimen108
)
("C:\Users\Admin\AppData\Local\Programs\MiKTeX 2.9\tex\latex\amsmath\amsopn.sty
"
Package: amsopn 1999/12/14 v2.01 operator names
)
\inf@bad=\count89
LaTeX Info: Redefining \frac on input line 210.
\uproot@=\count90
\leftroot@=\count91
LaTeX Info: Redefining \overline on input line 306.
\classnum@=\count92
\DOTSCASE@=\count93
LaTeX Info: Redefining \ldots on input line 378.
LaTeX Info: Redefining \dots on input line 381.
LaTeX Info: Redefining \cdots on input line 466.
\Mathstrutbox@=\box26
\strutbox@=\box27
\big@size=\dimen109
LaTeX Font Info:    Redeclaring font encoding OML on input line 566.
LaTeX Font Info:    Redeclaring font encoding OMS on input line 567.
\macc@depth=\count94
\c@MaxMatrixCols=\count95
\dotsspace@=\muskip10
\c@parentequation=\count96
\dspbrk@lvl=\count97
\tag@help=\toks17
\row@=\count98
\column@=\count99
\maxfields@=\count100
\andhelp@=\toks18
\eqnshift@=\dimen110
\alignsep@=\dimen111
\tagshift@=\dimen112
\tagwidth@=\dimen113
\totwidth@=\dimen114
\lineht@=\dimen115
\@envbody=\toks19
\multlinegap=\skip44
\multlinetaggap=\skip45
\mathdisplay@stack=\toks20
LaTeX Info: Redefining \[ on input line 2665.
LaTeX Info: Redefining \] on input line 2666.
)
("C:\Users\Admin\AppData\Local\Programs\MiKTeX 2.9\tex\latex\jknappen\mathrsfs.
sty"
Package: mathrsfs 1996/01/01 Math RSFS package v1.0 (jk)
\symrsfs=\mathgroup6
)
("C:\Users\Admin\AppData\Local\Programs\MiKTeX 2.9\tex\generic\texdraw\texdraw.
sty"
("C:\Users\Admin\AppData\Local\Programs\MiKTeX 2.9\tex\generic\texdraw\texdraw.
tex"
\t@counta=\count101
\t@countb=\count102
\t@countc=\count103
\t@countd=\count104
\t@counte=\count105
\t@pixa=\count106
\t@pixb=\count107
\t@pixc=\count108
\t@pixd=\count109
\t@xpos=\dimen116
\t@ypos=\dimen117
\xminpix=\count110
\xmaxpix=\count111
\yminpix=\count112
\ymaxpix=\count113
\a@lenpix=\count114
\a@widpix=\count115
\x@pix=\count116
\y@pix=\count117
\x@segoffpix=\count118
\y@segoffpix=\count119
\x@savepix=\count120
\y@savepix=\count121
\s@ppix=\count122
\d@bs=\count123
\t@xdnum=\count124
\t@xdbox=\box28
\drawfile=\write3
\everytexdraw=\toks21
)
Package: texdraw 1995/12/19 TeXdraw V2R0
)
("C:\Users\Admin\AppData\Local\Programs\MiKTeX 2.9\tex\latex\amsfonts\eucal.sty
"
Package: eucal 2009/06/22 v3.00 Euler Script fonts
LaTeX Font Info:    Overwriting math alphabet `\EuScript' in version `bold'
(Font)                  U/eus/m/n --> U/eus/b/n on input line 33.
)
("C:\Users\Admin\AppData\Local\Programs\MiKTeX 2.9\tex\latex\base\latexsym.sty"
Package: latexsym 1998/08/17 v2.2e Standard LaTeX package (lasy symbols)
\symlasy=\mathgroup7
LaTeX Font Info:    Overwriting symbol font `lasy' in version `bold'
(Font)                  U/lasy/m/n --> U/lasy/b/n on input line 52.
)
("C:\Users\Admin\AppData\Local\Programs\MiKTeX 2.9\tex\latex\subfigure\subfigur
e.sty"
Package: subfigure 2002/07/30 v2.1.4 subfigure package
\subfigtopskip=\skip46
\subfigcapskip=\skip47
\subfigcaptopadj=\dimen118
\subfigbottomskip=\skip48
\subfigcapmargin=\dimen119
\subfiglabelskip=\skip49
\c@subfigure=\count125
\c@lofdepth=\count126
\c@subtable=\count127
\c@lotdepth=\count128

****************************************
* Local config file subfigure.cfg used *
****************************************

("C:\Users\Admin\AppData\Local\Programs\MiKTeX 2.9\tex\latex\subfigure\subfigur
e.cfg")
\subfig@top=\skip50
\subfig@bottom=\skip51
)
("C:\Users\Admin\AppData\Local\Programs\MiKTeX 2.9\tex\latex\base\fontenc.sty"
Package: fontenc 2005/09/27 v1.99g Standard LaTeX package

("C:\Users\Admin\AppData\Local\Programs\MiKTeX 2.9\tex\latex\cyrillic\t2aenc.de
f"
File: t2aenc.def 2005/09/27 v1.0i Cyrillic encoding definition file
)
LaTeX Font Info:    Try loading font information for T2A+cmr on input line 105.


("C:\Users\Admin\AppData\Local\Programs\MiKTeX 2.9\tex\latex\cyrillic\t2acmr.fd
"
File: t2acmr.fd 2001/08/11 v1.0a Computer Modern Cyrillic font definitions
))
("C:\Users\Admin\AppData\Local\Programs\MiKTeX 2.9\tex\latex\base\inputenc.sty"
Package: inputenc 2015/03/17 v1.2c Input encoding file
\inpenc@prehook=\toks22
\inpenc@posthook=\toks23

("C:\Users\Admin\AppData\Local\Programs\MiKTeX 2.9\tex\latex\cyrillic\cp1251.de
f"
File: cp1251.def 2014/10/28 v1.0d Input encoding file
))
("C:\Users\Admin\AppData\Local\Programs\MiKTeX 2.9\tex\generic\babel\babel.sty"
Package: babel 2016/01/08 3.9n The Babel package
*************************************
* Local config file bblopts.cfg used
*

("C:\Users\Admin\AppData\Local\Programs\MiKTeX 2.9\tex\latex\00miktex\bblopts.c
fg"
File: bblopts.cfg 2006/07/31 v1.0 MiKTeX 'babel' configuration
)
("C:\Users\Admin\AppData\Local\Programs\MiKTeX 2.9\tex\latex\babel-russian\russ
ianb.ldf"
Language: russianb 2015/05/01 1.3g Russian support for the Babel system

("C:\Users\Admin\AppData\Local\Programs\MiKTeX 2.9\tex\generic\babel\babel.def"
File: babel.def 2016/01/08 3.9n Babel common definitions
\babel@savecnt=\count129
\U@D=\dimen120
)
Package babel Info: Making " an active character on input line 111.
))
\c@problem=\count130
\c@Def=\count131
\c@Ass=\count132
\c@Th=\count133
\c@Lemm=\count134
\c@lemm=\count135
\c@Cor=\count136
\c@Rem=\count137
\c@prop=\count138
\c@example=\count139
\c@statements=\count140
 (main.aux

LaTeX Warning: Label `d-3.2' multiply defined.


LaTeX Warning: Label `and97' multiply defined.

)
\openout1 = `main.aux'.

LaTeX Font Info:    Checking defaults for OML/cmm/m/it on input line 117.
LaTeX Font Info:    ... okay on input line 117.
LaTeX Font Info:    Checking defaults for T1/cmr/m/n on input line 117.
LaTeX Font Info:    ... okay on input line 117.
LaTeX Font Info:    Checking defaults for OT1/cmr/m/n on input line 117.
LaTeX Font Info:    ... okay on input line 117.
LaTeX Font Info:    Checking defaults for OMS/cmsy/m/n on input line 117.
LaTeX Font Info:    ... okay on input line 117.
LaTeX Font Info:    Checking defaults for OMX/cmex/m/n on input line 117.
LaTeX Font Info:    ... okay on input line 117.
LaTeX Font Info:    Checking defaults for U/cmr/m/n on input line 117.
LaTeX Font Info:    ... okay on input line 117.
LaTeX Font Info:    Checking defaults for T2A/cmr/m/n on input line 117.
LaTeX Font Info:    ... okay on input line 117.

("C:\Users\Admin\AppData\Local\Programs\MiKTeX 2.9\tex\context\base\supp-pdf.mk
ii"
[Loading MPS to PDF converter (version 2006.09.02).]
\scratchcounter=\count141
\scratchdimen=\dimen121
\scratchbox=\box29
\nofMPsegments=\count142
\nofMParguments=\count143
\everyMPshowfont=\toks24
\MPscratchCnt=\count144
\MPscratchDim=\dimen122
\MPnumerator=\count145
\makeMPintoPDFobject=\count146
\everyMPtoPDFconversion=\toks25
) [1

{C:/Users/Admin/AppData/Local/MiKTeX/2.9/pdftex/config/pdftex.map}]
(main.toc
LaTeX Font Info:    Try loading font information for U+msa on input line 3.

("C:\Users\Admin\AppData\Local\Programs\MiKTeX 2.9\tex\latex\amsfonts\umsa.fd"
File: umsa.fd 2013/01/14 v3.01 AMS symbols A
)
LaTeX Font Info:    Try loading font information for U+msb on input line 3.
("C:\Users\Admin\AppData\Local\Programs\MiKTeX 2.9\tex\latex\amsfonts\umsb.fd"
File: umsb.fd 2013/01/14 v3.01 AMS symbols B
)
LaTeX Font Info:    Try loading font information for U+rsfs on input line 3.
("C:\Users\Admin\AppData\Local\Programs\MiKTeX 2.9\tex\latex\jknappen\ursfs.fd"
File: ursfs.fd 1998/03/24 rsfs font definition file (jk)
)
LaTeX Font Info:    Try loading font information for U+lasy on input line 3.
 ("C:\Users\Admin\AppData\Local\Programs\MiKTeX 2.9\tex\latex\base\ulasy.fd"
File: ulasy.fd 1998/08/17 v2.2e LaTeX symbol font definitions
))
\tf@toc=\write4
\openout4 = `main.toc'.

[3

] (chapter1.tex
{\cyrillictext \CYRG \cyrl \cyra \cyrv \cyra } I.

LaTeX Warning: Command \cyrv invalid in math mode on input line 14.

Missing character: There is no в in font cmr10!
[4

]
Underfull \hbox (badness 1231) in paragraph at lines 70--79
[]\T2A/cmr/m/it/14.4 Для лю-бо-го $\OML/cmm/m/it/14.4 K \OMS/cmsy/m/n/14.4  \O
ML/cmm/m/it/14.4 C[]$ \T2A/cmr/m/it/14.4 ($\OML/cmm/m/it/14.4 K$ \T2A/cmr/m/it/
14.4 - ком-пакт)
 []


Underfull \hbox (badness 2213) in paragraph at lines 70--79
\T2A/cmr/m/it/14.4 функ-ция $\OML/cmm/m/it/14.4 f \OT1/cmr/m/n/14.4 = \OML/cmm/
m/it/14.4 f\OT1/cmr/m/n/14.4 (\OML/cmm/m/it/14.4 t; '\OT1/cmr/m/n/14.4 )$ \T2A/
cmr/m/it/14.4 огра-ни-че-на и рав-но-мер-но непре-рыв-на по
 []

[5]
Underfull \hbox (badness 10000) in paragraph at lines 108--111
[]\T2A/cmr/m/it/14.4 Для лю-бо-го ком-пакт-но-го мно-же-ства
 []


LaTeX Warning: Reference `t1.2' on page 6 undefined on input line 129.


Underfull \hbox (badness 2409) in paragraph at lines 147--156
[]\T2A/cmr/m/it/14.4 Пусть ре-ше-ние (1.1[]) $\OML/cmm/m/it/14.4 x \OT1/cmr/m/n
/14.4 = \OML/cmm/m/it/14.4 x\OT1/cmr/m/n/14.4 (\OML/cmm/m/it/14.4 t; ; '\OT1/c
mr/m/n/14.4 )$ \T2A/cmr/m/it/14.4 ог-ра-ни-че-но,
 []

[6]
Underfull \hbox (badness 1292) in paragraph at lines 172--179
[]\T2A/cmr/m/it/14.4 Предельное урав-не-ние оп-ре-де-ля-ет-ся в под-об-ла-сти
 []


Underfull \hbox (badness 4569) in paragraph at lines 181--184
[]\T2A/cmr/m/n/14.4 Допустим, что пра-вая часть урав-не-ния (1.1[]) име-ет зна-
че-ние
 []


LaTeX Warning: Reference `sec1.2' on page 7 undefined on input line 189.


Underfull \hbox (badness 1033) in paragraph at lines 185--191
\T2A/cmr/m/n/14.4 нов-ным ис-поль-зу-е-мым свой-ством при этом опре-де-ле-нии и
 усло-вии
 []


Underfull \hbox (badness 10000) in paragraph at lines 204--213
[]\T2A/cmr/m/it/14.4 Будем го-во-рить, что отоб-ра-же-ние
 []


Underfull \hbox (badness 3407) in paragraph at lines 204--213
\T2A/cmr/m/it/14.4 и по-сле-до-ва-тель-ность непре-рыв-ных отоб-ра-же-ний $\OML
/cmm/m/it/14.4 u[]\OT1/cmr/m/n/14.4 (\OML/cmm/m/it/14.4 t\OT1/cmr/m/n/14.4 )\OM
L/cmm/m/it/14.4 ;$ \T2A/cmr/m/it/14.4 та-кие,
 []

[7]
Underfull \hbox (badness 2213) in paragraph at lines 241--244
[]\T2A/cmr/m/it/14.4 Функция $\OML/cmm/m/it/14.4 U \OMS/cmsy/m/n/14.4  \OML/cm
m/m/it/14.4 F[]$ \T2A/cmr/m/it/14.4 есть пре-дель-ная к $\OML/cmm/m/it/14.4 W;$

 []


Underfull \hbox (badness 2035) in paragraph at lines 241--244
\T2A/cmr/m/it/14.4 ес-ли су-ще-ству-ет $\OML/cmm/m/it/14.4 t[] \OMS/cmsy/m/n/14
.4 ! \OT1/cmr/m/n/14.4 +\OMS/cmsy/m/n/14.4 1\OML/cmm/m/it/14.4 ;$ \T2A/cmr/m/it
/14.4 та-кая, что по-сле-до-ва-тель-ность
 []


Underfull \hbox (badness 10000) in paragraph at lines 246--253
[]\T2A/cmr/m/it/14.4 Будем го-во-рить, что отоб-ра-же-ние
 []

[8]
Underfull \hbox (badness 10000) in paragraph at lines 295--298
[]\T2A/cmr/m/it/14.4 2) ре-ше-ние $\OML/cmm/m/it/14.4 x \OT1/cmr/m/n/14.4 = \OM
L/cmm/m/it/14.4 x\OT1/cmr/m/n/14.4 (\OML/cmm/m/it/14.4 t; ; '\OT1/cmr/m/n/14.4
 )$ \T2A/cmr/m/it/14.4 урав-не-ния (1.1[]) ог-ра-ни-че-но,
 []


Underfull \hbox (badness 1721) in paragraph at lines 299--306
\T2A/cmr/m/it/14.4 и со-от-вет-ству-ю-щее мно-жест-во $\OML/cmm/m/it/14.4 V[]\O
T1/cmr/m/n/14.4 (\OML/cmm/m/it/14.4 t; c\OT1/cmr/m/n/14.4 )\OML/cmm/m/it/14.4 ;
$ \T2A/cmr/m/it/14.4 ре-ше-ние $\OML/cmm/m/it/14.4 y \OT1/cmr/m/n/14.4 = \OML/c
mm/m/it/14.4 y\OT1/cmr/m/n/14.4 (\OML/cmm/m/it/14.4 t\OT1/cmr/m/n/14.4 )\OML/cm
m/m/it/14.4 ;$
 []


LaTeX Warning: Reference `c-3.1' on page 9 undefined on input line 315.


LaTeX Warning: Reference `3.10'' on page 9 undefined on input line 324.


Underfull \hbox (badness 6592) in paragraph at lines 317--325
[]\T2A/cmr/m/it/14.4 Если в усло-ви-ях тео-ре-мы I.2.1[] пред-по-ло-жить
 []


Underfull \hbox (badness 2213) in paragraph at lines 317--325
\T2A/cmr/m/it/14.4 так-же, что су-ще-ству-ет по-сле-до-ва-тель-ность $\OML/cmm/
m/it/14.4 t[] \OMS/cmsy/m/n/14.4 ! \OT1/cmr/m/n/14.4 +\OMS/cmsy/m/n/14.4 1\OML/
cmm/m/it/14.4 ;$ \T2A/cmr/m/it/14.4 оп-
 []


Underfull \hbox (badness 10000) in paragraph at lines 317--325
\T2A/cmr/m/it/14.4 ре-де-ляе-мые ко-то-рой пре-дель-ная па-ра $\OT1/cmr/m/n/14.
4 (\OML/cmm/m/it/14.4 g[]; U[]\OT1/cmr/m/n/14.4 )$ \T2A/cmr/m/it/14.4 и мно-жес
т-во
 []


LaTeX Warning: Reference `t-3.3' on page 9 undefined on input line 331.


LaTeX Warning: Reference `t-3.4' on page 9 undefined on input line 331.


LaTeX Warning: Reference `t-4.2' on page 9 undefined on input line 336.

[9]

LaTeX Warning: Reference `r332' on page 10 undefined on input line 349.


LaTeX Warning: Reference `t-4.4' on page 10 undefined on input line 351.


Underfull \hbox (badness 2772) in paragraph at lines 363--367
\T2A/cmr/m/it/14.4 та-кой, что $\OML/cmm/m/it/14.4 V\OT1/cmr/m/n/14.4 (\OML/cmm
/m/it/14.4 t; \OT1/cmr/m/n/14.4 0) = 0\OML/cmm/m/it/14.4 ;$ $a[]\OT1/cmr/m/n/14
.4 (\OMS/cmsy/m/n/14.4 j\OML/cmm/m/it/14.4 '\OT1/cmr/m/n/14.4 (0)\OMS/cmsy/m/n/
14.4 j\OT1/cmr/m/n/14.4 ) \U/msa/m/n/14.4 6 \OML/cmm/m/it/14.4 V\OT1/cmr/m/n/14
.4 (\OML/cmm/m/it/14.4 t; '\OT1/cmr/m/n/14.4 ) \U/msa/m/n/14.4 6 \OML/cmm/m/it/
14.4 a[]\OT1/cmr/m/n/14.4 (\OMS/cmsy/m/n/14.4 k\OML/cmm/m/it/14.4 '\OMS/cmsy/m/
n/14.4 k\OT1/cmr/m/n/14.4 )\OML/cmm/m/it/14.4 ;$
 []

) [10] (chapter2.tex
{\cyrillictext \CYRG \cyrl \cyra \cyrv \cyra } II.

LaTeX Warning: Command \cyrv invalid in math mode on input line 14.

Missing character: There is no в in font cmr10!
[11

]
Underfull \hbox (badness 1231) in paragraph at lines 70--79
[]\T2A/cmr/m/it/14.4 Для лю-бо-го $\OML/cmm/m/it/14.4 K \OMS/cmsy/m/n/14.4  \O
ML/cmm/m/it/14.4 C[]$ \T2A/cmr/m/it/14.4 ($\OML/cmm/m/it/14.4 K$ \T2A/cmr/m/it/
14.4 - ком-пакт)
 []


Underfull \hbox (badness 2213) in paragraph at lines 70--79
\T2A/cmr/m/it/14.4 функ-ция $\OML/cmm/m/it/14.4 f \OT1/cmr/m/n/14.4 = \OML/cmm/
m/it/14.4 f\OT1/cmr/m/n/14.4 (\OML/cmm/m/it/14.4 t; '\OT1/cmr/m/n/14.4 )$ \T2A/
cmr/m/it/14.4 огра-ни-че-на и рав-но-мер-но непре-рыв-на по
 []

[12]
Underfull \hbox (badness 10000) in paragraph at lines 108--111
[]\T2A/cmr/m/it/14.4 Для лю-бо-го ком-пакт-но-го мно-же-ства
 []


LaTeX Warning: Reference `t1.2' on page 13 undefined on input line 129.


Underfull \hbox (badness 2409) in paragraph at lines 147--156
[]\T2A/cmr/m/it/14.4 Пусть ре-ше-ние (1.1[]) $\OML/cmm/m/it/14.4 x \OT1/cmr/m/n
/14.4 = \OML/cmm/m/it/14.4 x\OT1/cmr/m/n/14.4 (\OML/cmm/m/it/14.4 t; ; '\OT1/c
mr/m/n/14.4 )$ \T2A/cmr/m/it/14.4 ог-ра-ни-че-но,
 []

[13]
Underfull \hbox (badness 1292) in paragraph at lines 172--179
[]\T2A/cmr/m/it/14.4 Предельное урав-не-ние оп-ре-де-ля-ет-ся в под-об-ла-сти
 []


Underfull \hbox (badness 4569) in paragraph at lines 181--184
[]\T2A/cmr/m/n/14.4 Допустим, что пра-вая часть урав-не-ния (1.1[]) име-ет зна-
че-ние
 []


LaTeX Warning: Reference `sec1.2' on page 14 undefined on input line 189.


Underfull \hbox (badness 1033) in paragraph at lines 185--191
\T2A/cmr/m/n/14.4 нов-ным ис-поль-зу-е-мым свой-ством при этом опре-де-ле-нии и
 усло-вии
 []


Underfull \hbox (badness 10000) in paragraph at lines 204--213
[]\T2A/cmr/m/it/14.4 Будем го-во-рить, что отоб-ра-же-ние
 []


Underfull \hbox (badness 3407) in paragraph at lines 204--213
\T2A/cmr/m/it/14.4 и по-сле-до-ва-тель-ность непре-рыв-ных отоб-ра-же-ний $\OML
/cmm/m/it/14.4 u[]\OT1/cmr/m/n/14.4 (\OML/cmm/m/it/14.4 t\OT1/cmr/m/n/14.4 )\OM
L/cmm/m/it/14.4 ;$ \T2A/cmr/m/it/14.4 та-кие,
 []

[14]
Underfull \hbox (badness 2213) in paragraph at lines 241--244
[]\T2A/cmr/m/it/14.4 Функция $\OML/cmm/m/it/14.4 U \OMS/cmsy/m/n/14.4  \OML/cm
m/m/it/14.4 F[]$ \T2A/cmr/m/it/14.4 есть пре-дель-ная к $\OML/cmm/m/it/14.4 W;$

 []


Underfull \hbox (badness 2035) in paragraph at lines 241--244
\T2A/cmr/m/it/14.4 ес-ли су-ще-ству-ет $\OML/cmm/m/it/14.4 t[] \OMS/cmsy/m/n/14
.4 ! \OT1/cmr/m/n/14.4 +\OMS/cmsy/m/n/14.4 1\OML/cmm/m/it/14.4 ;$ \T2A/cmr/m/it
/14.4 та-кая, что по-сле-до-ва-тель-ность
 []


Underfull \hbox (badness 10000) in paragraph at lines 246--253
[]\T2A/cmr/m/it/14.4 Будем го-во-рить, что отоб-ра-же-ние
 []

[15]
Underfull \hbox (badness 10000) in paragraph at lines 295--298
[]\T2A/cmr/m/it/14.4 2) ре-ше-ние $\OML/cmm/m/it/14.4 x \OT1/cmr/m/n/14.4 = \OM
L/cmm/m/it/14.4 x\OT1/cmr/m/n/14.4 (\OML/cmm/m/it/14.4 t; ; '\OT1/cmr/m/n/14.4
 )$ \T2A/cmr/m/it/14.4 урав-не-ния (1.1[]) ог-ра-ни-че-но,
 []


Underfull \hbox (badness 1721) in paragraph at lines 299--306
\T2A/cmr/m/it/14.4 и со-от-вет-ству-ю-щее мно-жест-во $\OML/cmm/m/it/14.4 V[]\O
T1/cmr/m/n/14.4 (\OML/cmm/m/it/14.4 t; c\OT1/cmr/m/n/14.4 )\OML/cmm/m/it/14.4 ;
$ \T2A/cmr/m/it/14.4 ре-ше-ние $\OML/cmm/m/it/14.4 y \OT1/cmr/m/n/14.4 = \OML/c
mm/m/it/14.4 y\OT1/cmr/m/n/14.4 (\OML/cmm/m/it/14.4 t\OT1/cmr/m/n/14.4 )\OML/cm
m/m/it/14.4 ;$
 []


LaTeX Warning: Reference `c-3.1' on page 16 undefined on input line 315.


LaTeX Warning: Reference `3.10'' on page 16 undefined on input line 324.


Underfull \hbox (badness 6592) in paragraph at lines 317--325
[]\T2A/cmr/m/it/14.4 Если в усло-ви-ях тео-ре-мы I.2.1[] пред-по-ло-жить
 []


Underfull \hbox (badness 2213) in paragraph at lines 317--325
\T2A/cmr/m/it/14.4 так-же, что су-ще-ству-ет по-сле-до-ва-тель-ность $\OML/cmm/
m/it/14.4 t[] \OMS/cmsy/m/n/14.4 ! \OT1/cmr/m/n/14.4 +\OMS/cmsy/m/n/14.4 1\OML/
cmm/m/it/14.4 ;$ \T2A/cmr/m/it/14.4 оп-
 []


Underfull \hbox (badness 10000) in paragraph at lines 317--325
\T2A/cmr/m/it/14.4 ре-де-ляе-мые ко-то-рой пре-дель-ная па-ра $\OT1/cmr/m/n/14.
4 (\OML/cmm/m/it/14.4 g[]; U[]\OT1/cmr/m/n/14.4 )$ \T2A/cmr/m/it/14.4 и мно-жес
т-во
 []


LaTeX Warning: Reference `t-3.3' on page 16 undefined on input line 331.


LaTeX Warning: Reference `t-3.4' on page 16 undefined on input line 331.


LaTeX Warning: Reference `t-4.2' on page 16 undefined on input line 336.

[16]

LaTeX Warning: Reference `r332' on page 17 undefined on input line 349.


LaTeX Warning: Reference `t-4.4' on page 17 undefined on input line 351.


Underfull \hbox (badness 2772) in paragraph at lines 363--367
\T2A/cmr/m/it/14.4 та-кой, что $\OML/cmm/m/it/14.4 V\OT1/cmr/m/n/14.4 (\OML/cmm
/m/it/14.4 t; \OT1/cmr/m/n/14.4 0) = 0\OML/cmm/m/it/14.4 ;$ $a[]\OT1/cmr/m/n/14
.4 (\OMS/cmsy/m/n/14.4 j\OML/cmm/m/it/14.4 '\OT1/cmr/m/n/14.4 (0)\OMS/cmsy/m/n/
14.4 j\OT1/cmr/m/n/14.4 ) \U/msa/m/n/14.4 6 \OML/cmm/m/it/14.4 V\OT1/cmr/m/n/14
.4 (\OML/cmm/m/it/14.4 t; '\OT1/cmr/m/n/14.4 ) \U/msa/m/n/14.4 6 \OML/cmm/m/it/
14.4 a[]\OT1/cmr/m/n/14.4 (\OMS/cmsy/m/n/14.4 k\OML/cmm/m/it/14.4 '\OMS/cmsy/m/
n/14.4 k\OT1/cmr/m/n/14.4 )\OML/cmm/m/it/14.4 ;$
 []

) [17] [18

] [19]
Underfull \hbox (badness 10000) in paragraph at lines 246--251
[]\T2A/cmr/m/n/14.4 Андреев А.С., Пав-ли-ков С.В. Ис-сле-до-ва-ние устой-чи-во-
сти
 []


Underfull \hbox (badness 6204) in paragraph at lines 246--251
\T2A/cmr/m/n/14.4 функционально-дифференциальных урав-не-ний на ос-но-ве зна-
 []


Underfull \hbox (badness 5133) in paragraph at lines 270--274
[]\T2A/cmr/m/n/14.4 Андреев А.С., Пав-ли-ков С.В. Незна-ко-опре-де-лен-ные функ
-ци-
 []


Underfull \hbox (badness 5578) in paragraph at lines 270--274
\T2A/cmr/m/n/14.4 о-на-лы Ля-пу-но-ва в за-да-че об устой-чи-во-сти функциональ
но-
 []


Underfull \hbox (badness 2027) in paragraph at lines 279--282
[]\T2A/cmr/m/n/14.4 Андреев А.С., Ху-са-нов Д.Х. Пре-дель-ные урав-не-ния в за-
да-че
 []

[20] [21] [22] [23] [24]
Underfull \hbox (badness 1019) in paragraph at lines 485--489
[]\T2A/cmr/m/n/14.4 Павликов С.В. Ме-тод функ-ци-о-на-лов Ля-пу-но-ва в ис-сле-
до-ва-нии
 []


Underfull \hbox (badness 3907) in paragraph at lines 485--489
\T2A/cmr/m/n/14.4 устой-чи-во-сти функционально-дифференциальных урав-не-ний //

 []

[25] [26] [27] [28]
Underfull \hbox (badness 10000) in paragraph at lines 628--630
[]\T2A/cmr/m/n/14.4 Эльсгольц Л.Э. Устой-чи-вость ре-ше-ний дифференциально-
 []


Underfull \hbox (badness 1365) in paragraph at lines 651--654
[]\T2A/cmr/m/n/14.4 Andreev A.S., Sedova N.O. On the stability of nonautonomous

 []


Underfull \hbox (badness 2680) in paragraph at lines 655--657
[]\T2A/cmr/m/n/14.4 Andreev A., Zappala'G. On stability for perturbed different
ial
 []

[29]
Underfull \hbox (badness 1509) in paragraph at lines 685--688
[]\T2A/cmr/m/n/14.4 Burton T.A., Hatvani L. Stability theorems for nonautonomou
s
 []

[30]
Underfull \hbox (badness 2384) in paragraph at lines 725--728
[]\T2A/cmr/m/n/14.4 Haddock J., Terjeki J. Liapunov-Razumikhin functions and a
n
 []

[31]
Underfull \hbox (badness 1478) in paragraph at lines 775--778
[]\T2A/cmr/m/n/14.4 Hornor W.E. Invariance principles and asymptotic constancy 
of
 []


Underfull \hbox (badness 1028) in paragraph at lines 787--790
[]\T2A/cmr/m/n/14.4 Jankovic M. Control Lyapunov-Razumikhin functions and robus
t
 []


Underfull \hbox (badness 1448) in paragraph at lines 794--796
[]\T2A/cmr/m/n/14.4 Kato J. On Liapunov--Razumikhin type theorems for functiona
l
 []

[32]
Underfull \hbox (badness 4981) in paragraph at lines 812--815
[]\T2A/cmr/m/n/14.4 Murakami S. Perturbation theorems for functional differenti
al
 []


Underfull \hbox (badness 1264) in paragraph at lines 819--822
[]\T2A/cmr/m/n/14.4 Sedova N. On employment of semi-definite function in stabil
ity
 []


Underfull \hbox (badness 2591) in paragraph at lines 819--822
\T2A/cmr/m/n/14.4 of delayed equations // Journal of Mathematical Analysis and
 []


Underfull \hbox (badness 2277) in paragraph at lines 831--833
[]\T2A/cmr/m/n/14.4 Sell G.R. Nonautonomous differential equations and topologi
cal
 []


Underfull \hbox (badness 1163) in paragraph at lines 834--837
[]\T2A/cmr/m/n/14.4 Taniguchi T. Asymptotic behavior theorems for non-autonomou
s
 []

[33] [34] [35] (main.aux)

LaTeX Warning: There were undefined references.


LaTeX Warning: There were multiply-defined labels.

 ) 
Here is how much of TeX's memory you used:
 3786 strings out of 493634
 46473 string characters out of 3135239
 111311 words of memory out of 3000000
 7052 multiletter control sequences out of 15000+200000
 17176 words of font info for 44 fonts, out of 3000000 for 9000
 1073 hyphenation exceptions out of 8191
 34i,8n,27p,653b,321s stack positions out of 5000i,500n,10000p,200000b,50000s
 <C:\Users\Admin\AppData\Local\MiKTeX\2.9\fonts\pk\ljfour\lh\lh-t2a\dpi600\la
bx1728.pk> <C:\Users\Admin\AppData\Local\MiKTeX\2.9\fonts\pk\ljfour\lh\lh-t2a\d
pi600\lati1440.pk> <C:\Users\Admin\AppData\Local\MiKTeX\2.9\fonts\pk\ljfour\lh\
lh-t2a\dpi600\labx1095.pk> <C:\Users\Admin\AppData\Local\MiKTeX\2.9\fonts\pk\lj
four\lh\lh-t2a\dpi600\larm1440.pk> <C:\Users\Admin\AppData\Local\MiKTeX\2.9\fon
ts\pk\ljfour\lh\lh-t2a\dpi600\labx1440.pk> <C:\Users\Admin\AppData\Local\MiKTeX
\2.9\fonts\pk\ljfour\lh\lh-t2a\dpi600\larm1200.pk> <C:\Users\Admin\AppData\Loca
l\MiKTeX\2.9\fonts\pk\ljfour\lh\lh-t2a\dpi600\labx2074.pk> <C:\Users\Admin\AppD
ata\Local\MiKTeX\2.9\fonts\pk\ljfour\lh\lh-t2a\dpi600\labx2488.pk><C:/Users/Adm
in/AppData/Local/Programs/MiKTeX 2.9/fonts/type1/public/amsfonts/cm/cmex10.pfb>
<C:/Users/Admin/AppData/Local/Programs/MiKTeX 2.9/fonts/type1/public/amsfonts/c
m/cmmi10.pfb><C:/Users/Admin/AppData/Local/Programs/MiKTeX 2.9/fonts/type1/publ
ic/amsfonts/cm/cmmi12.pfb><C:/Users/Admin/AppData/Local/Programs/MiKTeX 2.9/fon
ts/type1/public/amsfonts/cm/cmmi7.pfb><C:/Users/Admin/AppData/Local/Programs/Mi
KTeX 2.9/fonts/type1/public/amsfonts/cm/cmr10.pfb><C:/Users/Admin/AppData/Local
/Programs/MiKTeX 2.9/fonts/type1/public/amsfonts/cm/cmr12.pfb><C:/Users/Admin/A
ppData/Local/Programs/MiKTeX 2.9/fonts/type1/public/amsfonts/cm/cmr7.pfb><C:/Us
ers/Admin/AppData/Local/Programs/MiKTeX 2.9/fonts/type1/public/amsfonts/cm/cmsy
10.pfb><C:/Users/Admin/AppData/Local/Programs/MiKTeX 2.9/fonts/type1/public/ams
fonts/symbols/msam10.pfb>
Output written on main.pdf (34 pages, 319403 bytes).
PDF statistics:
 535 PDF objects out of 1000 (max. 8388607)
 0 named destinations out of 1000 (max. 500000)
 1 words of extra memory for PDF output out of 10000 (max. 10000000)

